<?xml version="1.0" encoding="UTF-8"?>
<!-- Generated by org.testng.reporters.JUnitReportReporter -->
<testsuite skipped="0" hostname="ANKIT-SYS" name="com.myOnlineStore.qa.testCases.CreateanAccountPageTest" tests="1" failures="0" timestamp="2025-06-13T14:43:37 IST" time="6.370" errors="0">
  <testcase name="createAnAccPage" time="6.370" classname="com.myOnlineStore.qa.testCases.CreateanAccountPageTest"/>
  <system-out/>
</testsuite> <!-- com.myOnlineStore.qa.testCases.CreateanAccountPageTest -->
