<?xml version="1.0" encoding="UTF-8"?>
<!-- Generated by org.testng.reporters.JUnitReportReporter -->
<testsuite skipped="0" hostname="ANKIT-SYS" name="com.myOnlineStore.qa.testCases.ForgotPasswordPageTest" tests="1" failures="0" timestamp="2025-06-13T14:43:37 IST" time="6.419" errors="0">
  <testcase name="forgotPage" time="6.419" classname="com.myOnlineStore.qa.testCases.ForgotPasswordPageTest"/>
  <system-out/>
</testsuite> <!-- com.myOnlineStore.qa.testCases.ForgotPasswordPageTest -->
