<?xml version="1.0" encoding="UTF-8"?>
<!-- Generated by org.testng.reporters.JUnitReportReporter -->
<<<<<<< HEAD
<testsuite hostname="LAPTOP-7T734GLV" failures="0" tests="1" name="com.myOnlineStore.qa.testCases.CreateanAccountPageTest" time="16.695" errors="0" timestamp="2025-06-06T18:17:55 IST" skipped="0">
  <testcase classname="com.myOnlineStore.qa.testCases.CreateanAccountPageTest" name="createAnAccPage" time="16.695"/>
=======
<testsuite hostname="LAPTOP-7T734GLV" failures="0" tests="1" name="com.myOnlineStore.qa.testCases.CreateanAccountPageTest" time="12.960" errors="0" timestamp="2025-05-26T15:07:54 IST" skipped="0">
  <testcase classname="com.myOnlineStore.qa.testCases.CreateanAccountPageTest" name="createAnAccPage" time="12.960"/>
  <system-out/>
>>>>>>> 7b4d002e6092f2781dfa19697e99911b817d0646
</testsuite> <!-- com.myOnlineStore.qa.testCases.CreateanAccountPageTest -->
