<?xml version="1.0" encoding="UTF-8"?>
<!-- Generated by org.testng.reporters.JUnitReportReporter -->
<testsuite skipped="0" hostname="ANKIT-SYS" name="com.myOnlineStore.qa.testCases.AddToCartTest" tests="1" failures="0" timestamp="2025-06-13T14:43:37 IST" time="8.136" errors="0">
  <testcase name="addItemToCartScenario" time="8.136" classname="com.myOnlineStore.qa.testCases.AddToCartTest"/>
  <system-out/>
</testsuite> <!-- com.myOnlineStore.qa.testCases.AddToCartTest -->
