<?xml version="1.0" encoding="UTF-8"?>
<!-- Generated by org.testng.reporters.JUnitReportReporter -->
<testsuite hostname="LAPTOP-7T734GLV" failures="0" tests="1" name="com.myOnlineStore.qa.testCases.ForgotPasswordPageTest" time="11.479" errors="0" timestamp="2025-05-26T14:46:32 IST" skipped="0">
  <testcase classname="com.myOnlineStore.qa.testCases.ForgotPasswordPageTest" name="forgotPageTC2" time="11.479"/>
  <system-out/>
</testsuite> <!-- com.myOnlineStore.qa.testCases.ForgotPasswordPageTest -->
