<?xml version="1.0" encoding="UTF-8"?>
<!-- Generated by org.testng.reporters.JUnitReportReporter -->
<testsuite hostname="LAPTOP-7T734GLV" failures="0" tests="1" name="com.myOnlineStore.qa.testCases.LoginPageTest" time="7.543" errors="0" timestamp="2025-05-25T12:21:26 IST" skipped="0">
  <testcase classname="com.myOnlineStore.qa.testCases.LoginPageTest" name="loginPageTC1" time="7.543"/>
  <system-out/>
</testsuite> <!-- com.myOnlineStore.qa.testCases.LoginPageTest -->
