<?xml version="1.0" encoding="UTF-8"?>
<!-- Generated by org.testng.reporters.JUnitReportReporter -->
<testsuite hostname="ANKIT-SYS" failures="0" tests="1" name="com.myOnlineStore.qa.testCases.AddToCartTest" time="10.160" errors="0" timestamp="2025-07-06T13:42:19 IST" skipped="0">
  <testcase classname="com.myOnlineStore.qa.testCases.AddToCartTest" name="addItemToCartScenario" time="10.160"/>
</testsuite> <!-- com.myOnlineStore.qa.testCases.AddToCartTest -->
