<?xml version="1.0" encoding="UTF-8"?>
<!-- Generated by org.testng.reporters.JUnitReportReporter -->
<testsuite hostname="ANKIT-SYS" failures="0" tests="2" name="com.myOnlineStore.qa.testCases.LoginPageTest" time="11.154" errors="0" timestamp="2025-05-27T09:49:50 IST" skipped="0">
  <testcase classname="com.myOnlineStore.qa.testCases.LoginPageTest" name="loginPageInvalid" time="5.037"/>
  <system-out/>
  <testcase classname="com.myOnlineStore.qa.testCases.LoginPageTest" name="loginPageValid" time="6.117"/>
  <system-out/>
</testsuite> <!-- com.myOnlineStore.qa.testCases.LoginPageTest -->
