<?xml version="1.0" encoding="UTF-8"?>
<!-- Generated by org.testng.reporters.JUnitReportReporter -->
<testsuite hostname="ANKIT-SYS" failures="0" tests="1" name="com.myOnlineStore.qa.testCases.ForgotPasswordPageTest" time="9.290" errors="0" timestamp="2025-05-27T10:42:53 IST" skipped="0">
  <testcase classname="com.myOnlineStore.qa.testCases.ForgotPasswordPageTest" name="forgotPageTC2" time="9.290"/>
  <system-out/>
</testsuite> <!-- com.myOnlineStore.qa.testCases.ForgotPasswordPageTest -->
