<?xml version="1.0" encoding="UTF-8"?>
<!-- Generated by org.testng.reporters.JUnitReportReporter -->
<testsuite hostname="LAPTOP-7T734GLV" failures="0" tests="1" name="com.myOnlineStore.qa.testCases.CreateanAccountPageTest" time="16.695" errors="0" timestamp="2025-06-06T18:17:55 IST" skipped="0">
  <testcase classname="com.myOnlineStore.qa.testCases.CreateanAccountPageTest" name="createAnAccPage" time="16.695"/>
</testsuite> <!-- com.myOnlineStore.qa.testCases.CreateanAccountPageTest -->
