<?xml version="1.0" encoding="UTF-8"?>
<!-- Generated by org.testng.reporters.JUnitReportReporter -->
<testsuite hostname="LAPTOP-7T734GLV" failures="0" tests="1" name="com.myOnlineStore.qa.testCases.AccessorisePageTest" time="10.835" errors="0" timestamp="2025-06-06T18:51:42 IST" skipped="0">
  <testcase classname="com.myOnlineStore.qa.testCases.AccessorisePageTest" name="validateAccessorisePage" time="10.835"/>
</testsuite> <!-- com.myOnlineStore.qa.testCases.AccessorisePageTest -->
