<?xml version="1.0" encoding="UTF-8"?>
<!-- Generated by org.testng.reporters.JUnitReportReporter -->
<testsuite skipped="0" hostname="ANKIT-SYS" name="com.myOnlineStore.qa.testCases.CreateanAccountPageTest" tests="1" failures="0" timestamp="2025-06-12T11:56:25 IST" time="12.371" errors="0">
  <testcase name="createAnAccPage" time="12.371" classname="com.myOnlineStore.qa.testCases.CreateanAccountPageTest"/>
  <system-out/>
</testsuite> <!-- com.myOnlineStore.qa.testCases.CreateanAccountPageTest -->
