<?xml version="1.0" encoding="UTF-8"?>
<!-- Generated by org.testng.reporters.JUnitReportReporter -->
<<<<<<< HEAD
<testsuite hostname="LAPTOP-7T734GLV" failures="0" tests="1" name="com.myOnlineStore.qa.testCases.ForgotPasswordPageTest" time="12.244" errors="0" timestamp="2025-06-06T18:16:30 IST" skipped="0">
  <testcase classname="com.myOnlineStore.qa.testCases.ForgotPasswordPageTest" name="forgotPageTC2" time="12.244"/>
=======
<testsuite hostname="ANKIT-SYS" failures="0" tests="1" name="com.myOnlineStore.qa.testCases.ForgotPasswordPageTest" time="9.290" errors="0" timestamp="2025-05-27T10:42:53 IST" skipped="0">
  <testcase classname="com.myOnlineStore.qa.testCases.ForgotPasswordPageTest" name="forgotPageTC2" time="9.290"/>
  <system-out/>
>>>>>>> 7b4d002e6092f2781dfa19697e99911b817d0646
</testsuite> <!-- com.myOnlineStore.qa.testCases.ForgotPasswordPageTest -->
