<?xml version="1.0" encoding="UTF-8"?>
<!-- Generated by org.testng.reporters.JUnitReportReporter -->
<testsuite hostname="LAPTOP-7T734GLV" failures="0" tests="1" name="com.myOnlineStore.qa.testCases.LoginPageTest" time="12.986" errors="0" timestamp="2025-06-06T18:33:11 IST" skipped="0">
  <testcase classname="com.myOnlineStore.qa.testCases.LoginPageTest" name="loginPageInvalid" time="12.986"/>
</testsuite> <!-- com.myOnlineStore.qa.testCases.LoginPageTest -->
