<?xml version="1.0" encoding="UTF-8"?>
<!-- Generated by org.testng.reporters.JUnitReportReporter -->
<testsuite hostname="ANKIT-SYS" failures="0" tests="1" name="com.myOnlineStore.qa.testCases.ClothesPageTest" time="7.446" errors="0" timestamp="2025-06-09T16:47:00 IST" skipped="0">
  <testcase classname="com.myOnlineStore.qa.testCases.ClothesPageTest" name="validateClothesPage" time="7.446"/>
  <system-out/>
</testsuite> <!-- com.myOnlineStore.qa.testCases.ClothesPageTest -->
