<?xml version="1.0" encoding="UTF-8"?>
<!-- Generated by org.testng.reporters.JUnitReportReporter -->
<testsuite hostname="LAPTOP-7T734GLV" failures="0" tests="1" name="com.myOnlineStore.qa.testCases.AccessorisePageTest" time="6.502" errors="0" timestamp="2025-06-09T16:04:25 IST" skipped="0">
  <testcase classname="com.myOnlineStore.qa.testCases.AccessorisePageTest" name="validateAccessorisePage" time="6.502"/>
</testsuite> <!-- com.myOnlineStore.qa.testCases.AccessorisePageTest -->
